d:\shader書\program\tinyframeworkexample\vc14\texturebufferobject\release\vc140.pdb
d:\shader書\program\tinyframeworkexample\vc14\texturebufferobject\release\viewmanager.obj
d:\shader書\program\tinyframeworkexample\vc14\texturebufferobject\release\tiny_obj_loader.obj
d:\shader書\program\tinyframeworkexample\vc14\texturebufferobject\release\mymodel.obj
d:\shader書\program\tinyframeworkexample\vc14\texturebufferobject\release\main.obj
d:\shader書\program\tinyframeworkexample\vc14\texturebufferobject\release\drawmodelshader.obj
d:\shader書\program\tinyframeworkexample\vc14\texturebufferobject\release\shaderobject.obj
d:\shader書\program\tinyframeworkexample\vc14\texturebufferobject\release\resourcepath.obj
d:\shader書\program\tinyframeworkexample\vc14\texturebufferobject\release\common.obj
d:\shader書\program\tinyframeworkexample\assets\texturebufferobject.exe
d:\shader書\program\tinyframeworkexample\assets\texturebufferobject.ipdb
d:\shader書\program\tinyframeworkexample\assets\texturebufferobject.iobj
d:\shader書\program\tinyframeworkexample\assets\texturebufferobject.pdb
d:\shader書\program\tinyframeworkexample\vc14\basictexture\..\..\assets\texturebufferobject.pdb
d:\shader書\program\tinyframeworkexample\vc14\basictexture\..\..\assets\texturebufferobject.exe
d:\shader書\program\tinyframeworkexample\vc14\texturebufferobject\release\textureb.11ea0c6c.tlog\cl.command.1.tlog
d:\shader書\program\tinyframeworkexample\vc14\texturebufferobject\release\textureb.11ea0c6c.tlog\cl.read.1.tlog
d:\shader書\program\tinyframeworkexample\vc14\texturebufferobject\release\textureb.11ea0c6c.tlog\cl.write.1.tlog
d:\shader書\program\tinyframeworkexample\vc14\texturebufferobject\release\textureb.11ea0c6c.tlog\link.command.1.tlog
d:\shader書\program\tinyframeworkexample\vc14\texturebufferobject\release\textureb.11ea0c6c.tlog\link.read.1.tlog
d:\shader書\program\tinyframeworkexample\vc14\texturebufferobject\release\textureb.11ea0c6c.tlog\link.write.1.tlog
