d:\xinyun\desktop\2023.03.20\program\vc14\textureparameterization\debug\vc142.pdb
d:\xinyun\desktop\2023.03.20\program\vc14\textureparameterization\debug\vc142.idb
d:\xinyun\desktop\2023.03.20\program\vc14\textureparameterization\debug\viewmanager.obj
d:\xinyun\desktop\2023.03.20\program\vc14\textureparameterization\debug\tiny_obj_loader.obj
d:\xinyun\desktop\2023.03.20\program\vc14\textureparameterization\debug\meshobject.obj
d:\xinyun\desktop\2023.03.20\program\vc14\textureparameterization\debug\main.obj
d:\xinyun\desktop\2023.03.20\program\vc14\textureparameterization\debug\pickingtexture.obj
d:\xinyun\desktop\2023.03.20\program\vc14\textureparameterization\debug\pickingshader.obj
d:\xinyun\desktop\2023.03.20\program\vc14\textureparameterization\debug\parametricnode.obj
d:\xinyun\desktop\2023.03.20\program\vc14\textureparameterization\debug\openmesh.obj
d:\xinyun\desktop\2023.03.20\program\vc14\textureparameterization\debug\drawtextureshader.obj
d:\xinyun\desktop\2023.03.20\program\vc14\textureparameterization\debug\drawpickingfaceshader.obj
d:\xinyun\desktop\2023.03.20\program\vc14\textureparameterization\debug\drawmodelshader.obj
d:\xinyun\desktop\2023.03.20\program\vc14\textureparameterization\debug\drawmodellineshader.obj
d:\xinyun\desktop\2023.03.20\program\vc14\textureparameterization\debug\cameracontrol.obj
d:\xinyun\desktop\2023.03.20\program\vc14\textureparameterization\debug\blendingshader.obj
d:\xinyun\desktop\2023.03.20\program\vc14\textureparameterization\debug\bezier_proceduralshader.obj
d:\xinyun\desktop\2023.03.20\program\vc14\textureparameterization\debug\shaderobject.obj
d:\xinyun\desktop\2023.03.20\program\vc14\textureparameterization\debug\resourcepath.obj
d:\xinyun\desktop\2023.03.20\program\vc14\textureparameterization\debug\common.obj
d:\xinyun\desktop\2023.03.20\program\assets\textureparameterization.exe
d:\xinyun\desktop\2023.03.20\program\assets\textureparameterization.ilk
d:\xinyun\desktop\2023.03.20\program\assets\textureparameterization.pdb
d:\xinyun\desktop\2023.03.20\program\vc14\textureparameterization\debug\main.new.obj.enc
d:\xinyun\desktop\2023.03.20\program\vc14\basictexture\..\..\assets\textureparameterization.pdb
d:\xinyun\desktop\2023.03.20\program\vc14\basictexture\..\..\assets\textureparameterization.ilk
d:\xinyun\desktop\2023.03.20\program\vc14\textureparameterization\debug\texturep.6e499534.tlog\cl.command.1.tlog
d:\xinyun\desktop\2023.03.20\program\vc14\textureparameterization\debug\texturep.6e499534.tlog\cl.read.1.tlog
d:\xinyun\desktop\2023.03.20\program\vc14\textureparameterization\debug\texturep.6e499534.tlog\cl.write.1.tlog
d:\xinyun\desktop\2023.03.20\program\vc14\textureparameterization\debug\texturep.6e499534.tlog\link.command.1.tlog
d:\xinyun\desktop\2023.03.20\program\vc14\textureparameterization\debug\texturep.6e499534.tlog\link.read.1.tlog
d:\xinyun\desktop\2023.03.20\program\vc14\textureparameterization\debug\texturep.6e499534.tlog\link.write.1.tlog
