C:\Program Files (x86)\Microsoft Visual Studio\2019\Community\MSBuild\Microsoft\VC\v160\Microsoft.CppBuild.targets(477,5): warning MSB8004: Output 目錄結尾不是結尾斜線。這個建置執行個體將會加入此斜線，因為這樣才能正確評估 Output 目錄。
  main.cpp
D:\XinYun\Desktop\GestaltRuleMerge3D\Program\Source\TextureParameterization\MeshObject.h(254,22): warning C4018: '<': signed/unsigned 不相符
D:\XinYun\Desktop\GestaltRuleMerge3D\Program\Source\TextureParameterization\MeshObject.h(277,21): warning C4018: '<': signed/unsigned 不相符
D:\XinYun\Desktop\GestaltRuleMerge3D\Program\Source\TextureParameterization\MeshObject.h(282,23): warning C4244: '正在初始化': 將 'double' 轉換為 'float'，由於類型不同，可能導致資料遺失
D:\XinYun\Desktop\GestaltRuleMerge3D\Program\Source\TextureParameterization\MeshObject.h(289,68): warning C4244: '引數': 將 '_Ty' 轉換為 'const _Ty'，由於類型不同，可能導致資料遺失
          with
          [
              _Ty=int
          ]
          and
          [
              _Ty=float
          ]
D:\XinYun\Desktop\GestaltRuleMerge3D\Program\Source\TextureParameterization\MeshObject.h(313,21): warning C4018: '<': signed/unsigned 不相符
D:\XinYun\Desktop\GestaltRuleMerge3D\Program\Source\TextureParameterization\MeshObject.h(336,21): warning C4018: '<': signed/unsigned 不相符
D:\XinYun\Desktop\GestaltRuleMerge3D\Program\Source\TextureParameterization\MeshObject.h(351,21): warning C4018: '<': signed/unsigned 不相符
D:\XinYun\Desktop\GestaltRuleMerge3D\Program\Source\TextureParameterization\MeshObject.h(496,21): warning C4018: '<': signed/unsigned 不相符
D:\XinYun\Desktop\GestaltRuleMerge3D\Program\Source\TextureParameterization\RuleMath.h(64,31): warning C4305: '正在初始化': 從 'double' 轉換為 'float'，是由較大的類型轉換為較小的類型，可能導致資料遺失
D:\XinYun\Desktop\GestaltRuleMerge3D\Program\Source\TextureParameterization\RelationTreeNode.h(145,21): warning C4018: '<': signed/unsigned 不相符
D:\XinYun\Desktop\GestaltRuleMerge3D\Program\Source\TextureParameterization\RelationTreeNode.h(158,21): warning C4018: '<': signed/unsigned 不相符
D:\XinYun\Desktop\GestaltRuleMerge3D\Program\Source\TextureParameterization\RelationTreeNode.h(159,22): warning C4018: '<': signed/unsigned 不相符
D:\XinYun\Desktop\GestaltRuleMerge3D\Program\Source\TextureParameterization\RelationTreeNode.h(209,21): warning C4018: '<': signed/unsigned 不相符
D:\XinYun\Desktop\GestaltRuleMerge3D\Program\Source\TextureParameterization\RelationTreeNode.h(215,16): warning C4018: '<': signed/unsigned 不相符
D:\XinYun\Desktop\GestaltRuleMerge3D\Program\Source\TextureParameterization\RelationTreeNode.h(244,21): warning C4018: '<': signed/unsigned 不相符
D:\XinYun\Desktop\GestaltRuleMerge3D\Program\Source\TextureParameterization\RelationTreeNode.h(275,21): warning C4018: '<': signed/unsigned 不相符
D:\XinYun\Desktop\GestaltRuleMerge3D\Program\Source\TextureParameterization\RelationTreeNode.h(281,16): warning C4018: '<': signed/unsigned 不相符
D:\XinYun\Desktop\GestaltRuleMerge3D\Program\Source\TextureParameterization\RelationTreeNode.h(307,21): warning C4018: '<': signed/unsigned 不相符
D:\XinYun\Desktop\GestaltRuleMerge3D\Program\Source\TextureParameterization\RelationTreeNode.h(343,18): warning C4018: '<=': signed/unsigned 不相符
D:\XinYun\Desktop\GestaltRuleMerge3D\Program\Source\TextureParameterization\RelationTreeNode.h(362,17): warning C4018: '<': signed/unsigned 不相符
D:\XinYun\Desktop\GestaltRuleMerge3D\Program\Source\TextureParameterization\RelationTreeNode.h(372,16): warning C4018: '<': signed/unsigned 不相符
D:\XinYun\Desktop\GestaltRuleMerge3D\Program\Source\TextureParameterization\RelationTreeNode.h(398,18): warning C4018: '<=': signed/unsigned 不相符
D:\XinYun\Desktop\GestaltRuleMerge3D\Program\Source\TextureParameterization\RelationTreeNode.h(415,17): warning C4018: '<': signed/unsigned 不相符
D:\XinYun\Desktop\GestaltRuleMerge3D\Program\Source\TextureParameterization\main.cpp(158,20): warning C4018: '<': signed/unsigned 不相符
D:\XinYun\Desktop\GestaltRuleMerge3D\Program\Source\TextureParameterization\main.cpp(264,22): warning C4244: '正在初始化': 將 'int' 轉換為 'float'，由於類型不同，可能導致資料遺失
D:\XinYun\Desktop\GestaltRuleMerge3D\Program\Source\TextureParameterization\main.cpp(265,22): warning C4244: '正在初始化': 將 'int' 轉換為 'float'，由於類型不同，可能導致資料遺失
D:\XinYun\Desktop\GestaltRuleMerge3D\Program\Source\TextureParameterization\main.cpp(266,23): warning C4244: '正在初始化': 將 'int' 轉換為 'float'，由於類型不同，可能導致資料遺失
D:\XinYun\Desktop\GestaltRuleMerge3D\Program\Source\TextureParameterization\main.cpp(269,91): warning C4244: '引數': 將 'float' 轉換為 'int'，由於類型不同，可能導致資料遺失
D:\XinYun\Desktop\GestaltRuleMerge3D\Program\Source\TextureParameterization\main.cpp(269,75): warning C4244: '引數': 將 'float' 轉換為 'int'，由於類型不同，可能導致資料遺失
D:\XinYun\Desktop\GestaltRuleMerge3D\Program\Source\TextureParameterization\main.cpp(269,60): warning C4244: '引數': 將 'float' 轉換為 'int'，由於類型不同，可能導致資料遺失
D:\XinYun\Desktop\GestaltRuleMerge3D\Program\Source\TextureParameterization\main.cpp(281,21): warning C4244: '正在初始化': 將 'int' 轉換為 'float'，由於類型不同，可能導致資料遺失
D:\XinYun\Desktop\GestaltRuleMerge3D\Program\Source\TextureParameterization\main.cpp(288,27): warning C4305: '+=': 從 'double' 轉換為 'float'，是由較大的類型轉換為較小的類型，可能導致資料遺失
D:\XinYun\Desktop\GestaltRuleMerge3D\Program\Source\TextureParameterization\main.cpp(301,27): warning C4305: '+=': 從 'double' 轉換為 'float'，是由較大的類型轉換為較小的類型，可能導致資料遺失
D:\XinYun\Desktop\GestaltRuleMerge3D\Program\Source\TextureParameterization\main.cpp(310,27): warning C4305: '+=': 從 'double' 轉換為 'float'，是由較大的類型轉換為較小的類型，可能導致資料遺失
D:\XinYun\Desktop\GestaltRuleMerge3D\Program\Source\TextureParameterization\main.cpp(322,27): warning C4305: '+=': 從 'double' 轉換為 'float'，是由較大的類型轉換為較小的類型，可能導致資料遺失
D:\XinYun\Desktop\GestaltRuleMerge3D\Program\Source\TextureParameterization\main.cpp(335,22): warning C4244: '正在初始化': 將 'int' 轉換為 'float'，由於類型不同，可能導致資料遺失
D:\XinYun\Desktop\GestaltRuleMerge3D\Program\Source\TextureParameterization\main.cpp(479,27): warning C4244: '正在初始化': 將 'double' 轉換為 'float'，由於類型不同，可能導致資料遺失
D:\XinYun\Desktop\GestaltRuleMerge3D\Program\Source\TextureParameterization\main.cpp(487,18): warning C4244: '正在初始化': 將 'float' 轉換為 'int'，由於類型不同，可能導致資料遺失
D:\XinYun\Desktop\GestaltRuleMerge3D\Program\Source\TextureParameterization\main.cpp(521,38): warning C4244: '=': 將 'double' 轉換為 'float'，由於類型不同，可能導致資料遺失
D:\XinYun\Desktop\GestaltRuleMerge3D\Program\Source\TextureParameterization\main.cpp(677,20): warning C4018: '<': signed/unsigned 不相符
D:\XinYun\Desktop\GestaltRuleMerge3D\Program\Source\TextureParameterization\main.cpp(678,21): warning C4018: '<': signed/unsigned 不相符
D:\XinYun\Desktop\GestaltRuleMerge3D\Program\Source\TextureParameterization\main.cpp(685,15): warning C4305: '=': 從 'double' 轉換為 'float'，是由較大的類型轉換為較小的類型，可能導致資料遺失
D:\XinYun\Desktop\GestaltRuleMerge3D\Program\Source\TextureParameterization\main.cpp(738,11): warning C4244: '=': 將 'double' 轉換為 'int'，由於類型不同，可能導致資料遺失
D:\XinYun\Desktop\GestaltRuleMerge3D\Program\Source\TextureParameterization\main.cpp(744,10): warning C4244: '=': 將 'double' 轉換為 'int'，由於類型不同，可能導致資料遺失
D:\XinYun\Desktop\GestaltRuleMerge3D\Program\Source\TextureParameterization\main.cpp(765,15): warning C4244: '正在初始化': 將 'double' 轉換為 'float'，由於類型不同，可能導致資料遺失
D:\XinYun\Desktop\GestaltRuleMerge3D\Program\Source\TextureParameterization\main.cpp(878,26): warning C4305: '=': 從 'double' 轉換為 'float'，是由較大的類型轉換為較小的類型，可能導致資料遺失
D:\XinYun\Desktop\GestaltRuleMerge3D\Program\Source\TextureParameterization\main.cpp(897,24): warning C4305: '+=': 從 'double' 轉換為 'float'，是由較大的類型轉換為較小的類型，可能導致資料遺失
D:\XinYun\Desktop\GestaltRuleMerge3D\Program\Source\TextureParameterization\main.cpp(932,25): warning C4305: '+=': 從 'double' 轉換為 'float'，是由較大的類型轉換為較小的類型，可能導致資料遺失
D:\XinYun\Desktop\GestaltRuleMerge3D\Program\Source\TextureParameterization\main.cpp(967,25): warning C4305: '+=': 從 'double' 轉換為 'float'，是由較大的類型轉換為較小的類型，可能導致資料遺失
D:\XinYun\Desktop\GestaltRuleMerge3D\Program\Source\TextureParameterization\main.cpp(1001,25): warning C4305: '+=': 從 'double' 轉換為 'float'，是由較大的類型轉換為較小的類型，可能導致資料遺失
D:\XinYun\Desktop\GestaltRuleMerge3D\Program\Source\TextureParameterization\main.cpp(1040,20): warning C4018: '<': signed/unsigned 不相符
D:\XinYun\Desktop\GestaltRuleMerge3D\Program\Source\TextureParameterization\main.cpp(1046,20): warning C4018: '<': signed/unsigned 不相符
D:\XinYun\Desktop\GestaltRuleMerge3D\Program\Source\TextureParameterization\main.cpp(1050,21): warning C4018: '<': signed/unsigned 不相符
D:\XinYun\Desktop\GestaltRuleMerge3D\Program\Source\TextureParameterization\main.cpp(1062,23): warning C4018: '<': signed/unsigned 不相符
D:\XinYun\Desktop\GestaltRuleMerge3D\Program\Source\TextureParameterization\main.cpp(1083,22): warning C4018: '<': signed/unsigned 不相符
D:\XinYun\Desktop\GestaltRuleMerge3D\Program\Source\TextureParameterization\main.cpp(1089,20): warning C4018: '<': signed/unsigned 不相符
D:\XinYun\Desktop\GestaltRuleMerge3D\Program\Source\TextureParameterization\main.cpp(1090,21): warning C4018: '<': signed/unsigned 不相符
D:\XinYun\Desktop\GestaltRuleMerge3D\Program\Source\TextureParameterization\main.cpp(1148,20): warning C4018: '<': signed/unsigned 不相符
D:\XinYun\Desktop\GestaltRuleMerge3D\Program\Source\TextureParameterization\main.cpp(1149,21): warning C4018: '<': signed/unsigned 不相符
D:\XinYun\Desktop\GestaltRuleMerge3D\Program\Source\TextureParameterization\main.cpp(1156,20): warning C4018: '<': signed/unsigned 不相符
D:\XinYun\Desktop\GestaltRuleMerge3D\Program\Source\TextureParameterization\main.cpp(1162,20): warning C4018: '<': signed/unsigned 不相符
D:\XinYun\Desktop\GestaltRuleMerge3D\Program\Source\TextureParameterization\main.cpp(1164,21): warning C4018: '<': signed/unsigned 不相符
D:\XinYun\Desktop\GestaltRuleMerge3D\Program\Source\TextureParameterization\main.cpp(1173,20): warning C4018: '<': signed/unsigned 不相符
D:\XinYun\Desktop\GestaltRuleMerge3D\Program\Source\TextureParameterization\main.cpp(1175,21): warning C4018: '<': signed/unsigned 不相符
D:\XinYun\Desktop\GestaltRuleMerge3D\Program\Source\TextureParameterization\main.cpp(1184,20): warning C4018: '<': signed/unsigned 不相符
D:\XinYun\Desktop\GestaltRuleMerge3D\Program\Source\TextureParameterization\main.cpp(1186,21): warning C4018: '<': signed/unsigned 不相符
D:\XinYun\Desktop\GestaltRuleMerge3D\Program\Source\TextureParameterization\main.cpp(1207,20): warning C4018: '<': signed/unsigned 不相符
D:\XinYun\Desktop\GestaltRuleMerge3D\Program\Source\TextureParameterization\main.cpp(1208,21): warning C4018: '<': signed/unsigned 不相符
D:\XinYun\Desktop\GestaltRuleMerge3D\Program\Source\TextureParameterization\main.cpp(1218,20): warning C4018: '<': signed/unsigned 不相符
D:\XinYun\Desktop\GestaltRuleMerge3D\Program\Source\TextureParameterization\main.cpp(1226,20): warning C4018: '<': signed/unsigned 不相符
D:\XinYun\Desktop\GestaltRuleMerge3D\Program\Source\TextureParameterization\main.cpp(1227,21): warning C4018: '<': signed/unsigned 不相符
D:\XinYun\Desktop\GestaltRuleMerge3D\Program\Source\TextureParameterization\main.cpp(1296,20): warning C4018: '<': signed/unsigned 不相符
D:\XinYun\Desktop\GestaltRuleMerge3D\Program\Source\TextureParameterization\main.cpp(1404,20): warning C4018: '<': signed/unsigned 不相符
D:\XinYun\Desktop\GestaltRuleMerge3D\Program\Source\TextureParameterization\main.cpp(1408,19): warning C4018: '<': signed/unsigned 不相符
D:\XinYun\Desktop\GestaltRuleMerge3D\Program\Source\TextureParameterization\main.cpp(1456,20): warning C4018: '<': signed/unsigned 不相符
D:\XinYun\Desktop\GestaltRuleMerge3D\Program\Source\TextureParameterization\main.cpp(1460,19): warning C4018: '<': signed/unsigned 不相符
D:\XinYun\Desktop\GestaltRuleMerge3D\Program\Source\TextureParameterization\main.cpp(1510,15): warning C4244: '正在初始化': 將 'double' 轉換為 'float'，由於類型不同，可能導致資料遺失
D:\XinYun\Desktop\GestaltRuleMerge3D\Program\Source\TextureParameterization\main.cpp(1522,20): warning C4018: '<': signed/unsigned 不相符
D:\XinYun\Desktop\GestaltRuleMerge3D\Program\Source\TextureParameterization\main.cpp(1524,21): warning C4018: '<': signed/unsigned 不相符
D:\XinYun\Desktop\GestaltRuleMerge3D\Program\Source\TextureParameterization\main.cpp(1525,22): warning C4018: '<': signed/unsigned 不相符
D:\XinYun\Desktop\GestaltRuleMerge3D\Program\Source\TextureParameterization\main.cpp(1526,23): warning C4018: '<': signed/unsigned 不相符
D:\XinYun\Desktop\GestaltRuleMerge3D\Program\Source\TextureParameterization\main.cpp(1560,23): warning C4018: '<': signed/unsigned 不相符
D:\XinYun\Desktop\GestaltRuleMerge3D\Program\Source\TextureParameterization\main.cpp(1590,20): warning C4018: '<': signed/unsigned 不相符
D:\XinYun\Desktop\GestaltRuleMerge3D\Program\Source\TextureParameterization\main.cpp(1592,21): warning C4018: '<': signed/unsigned 不相符
D:\XinYun\Desktop\GestaltRuleMerge3D\Program\Source\TextureParameterization\main.cpp(1593,22): warning C4018: '<': signed/unsigned 不相符
D:\XinYun\Desktop\GestaltRuleMerge3D\Program\Source\TextureParameterization\main.cpp(1594,23): warning C4018: '<': signed/unsigned 不相符
D:\XinYun\Desktop\GestaltRuleMerge3D\Program\Source\TextureParameterization\main.cpp(1637,23): warning C4018: '<': signed/unsigned 不相符
D:\XinYun\Desktop\GestaltRuleMerge3D\Program\Source\TextureParameterization\main.cpp(1736,20): warning C4244: '正在初始化': 將 'float' 轉換為 'int'，由於類型不同，可能導致資料遺失
D:\XinYun\Desktop\GestaltRuleMerge3D\Program\Source\TextureParameterization\main.cpp(1737,19): warning C4244: '正在初始化': 將 'float' 轉換為 'int'，由於類型不同，可能導致資料遺失
D:\XinYun\Desktop\GestaltRuleMerge3D\Program\Source\TextureParameterization\main.cpp(1741,15): warning C4244: '正在初始化': 將 'double' 轉換為 'float'，由於類型不同，可能導致資料遺失
D:\XinYun\Desktop\GestaltRuleMerge3D\Program\Source\TextureParameterization\main.cpp(1752,21): warning C4554: '&': 檢查運算子優先順序找出可能發生的錯誤; 使用括號釐清順序
D:\XinYun\Desktop\GestaltRuleMerge3D\Program\Source\TextureParameterization\main.cpp(1762,23): warning C4018: '<': signed/unsigned 不相符
D:\XinYun\Desktop\GestaltRuleMerge3D\Program\Source\TextureParameterization\main.cpp(1796,15): warning C4244: '正在初始化': 將 'double' 轉換為 'float'，由於類型不同，可能導致資料遺失
D:\XinYun\Desktop\GestaltRuleMerge3D\Program\Source\TextureParameterization\main.cpp(1869,11): warning C4244: '正在初始化': 將 'T' 轉換為 'int'，由於類型不同，可能導致資料遺失
          with
          [
              T=float
          ]
D:\XinYun\Desktop\GestaltRuleMerge3D\Program\Source\TextureParameterization\main.cpp(1879,24): warning C4244: '=': 將 'T' 轉換為 'int'，由於類型不同，可能導致資料遺失
          with
          [
              T=float
          ]
D:\XinYun\Desktop\GestaltRuleMerge3D\Program\Source\TextureParameterization\main.cpp(1913,24): warning C4244: '=': 將 'T' 轉換為 'int'，由於類型不同，可能導致資料遺失
          with
          [
              T=float
          ]
D:\XinYun\Desktop\GestaltRuleMerge3D\Program\Source\TextureParameterization\main.cpp(1986,11): warning C4244: '正在初始化': 將 'T' 轉換為 'int'，由於類型不同，可能導致資料遺失
          with
          [
              T=float
          ]
D:\XinYun\Desktop\GestaltRuleMerge3D\Program\Source\TextureParameterization\main.cpp(1988,42): warning C4244: '引數': 將 'T' 轉換為 'GLint'，由於類型不同，可能導致資料遺失
          with
          [
              T=float
          ]
D:\XinYun\Desktop\GestaltRuleMerge3D\Program\Source\TextureParameterization\main.cpp(1988,27): warning C4244: '引數': 將 'T' 轉換為 'GLint'，由於類型不同，可能導致資料遺失
          with
          [
              T=float
          ]
D:\XinYun\Desktop\GestaltRuleMerge3D\Program\Source\TextureParameterization\main.cpp(1989,42): warning C4244: '引數': 將 'T' 轉換為 'GLint'，由於類型不同，可能導致資料遺失
          with
          [
              T=float
          ]
D:\XinYun\Desktop\GestaltRuleMerge3D\Program\Source\TextureParameterization\main.cpp(1989,27): warning C4244: '引數': 將 'T' 轉換為 'GLint'，由於類型不同，可能導致資料遺失
          with
          [
              T=float
          ]
D:\XinYun\Desktop\GestaltRuleMerge3D\Program\Source\TextureParameterization\main.cpp(2099,23): warning C4018: '<': signed/unsigned 不相符
D:\XinYun\Desktop\GestaltRuleMerge3D\Program\Source\TextureParameterization\main.cpp(2141,21): warning C4018: '<': signed/unsigned 不相符
D:\XinYun\Desktop\GestaltRuleMerge3D\Program\Source\TextureParameterization\main.cpp(2248,15): warning C4244: '正在初始化': 將 'double' 轉換為 'float'，由於類型不同，可能導致資料遺失
D:\XinYun\Desktop\GestaltRuleMerge3D\Program\Source\TextureParameterization\main.cpp(2254,20): warning C4018: '<': signed/unsigned 不相符
D:\XinYun\Desktop\GestaltRuleMerge3D\Program\Source\TextureParameterization\main.cpp(2269,22): warning C4018: '<': signed/unsigned 不相符
D:\XinYun\Desktop\GestaltRuleMerge3D\Program\Source\TextureParameterization\main.cpp(2271,22): warning C4018: '>': signed/unsigned 不相符
D:\XinYun\Desktop\GestaltRuleMerge3D\Program\Source\TextureParameterization\main.cpp(2277,21): warning C4018: '<': signed/unsigned 不相符
D:\XinYun\Desktop\GestaltRuleMerge3D\Program\Source\TextureParameterization\main.cpp(2310,21): warning C4018: '<': signed/unsigned 不相符
D:\XinYun\Desktop\GestaltRuleMerge3D\Program\Source\TextureParameterization\main.cpp(2262,7): warning C4101: 'startpoint': 未參考的區域變數
D:\XinYun\Desktop\GestaltRuleMerge3D\Program\Source\TextureParameterization\main.cpp(2323,20): warning C4018: '<': signed/unsigned 不相符
D:\XinYun\Desktop\GestaltRuleMerge3D\Program\Source\TextureParameterization\main.cpp(2472,20): warning C4018: '<': signed/unsigned 不相符
D:\XinYun\Desktop\GestaltRuleMerge3D\Program\Source\TextureParameterization\main.cpp(2500,17): warning C4244: '正在初始化': 將 'double' 轉換為 'float'，由於類型不同，可能導致資料遺失
D:\XinYun\Desktop\GestaltRuleMerge3D\Program\Source\TextureParameterization\main.cpp(2519,23): warning C4018: '<': signed/unsigned 不相符
D:\XinYun\Desktop\GestaltRuleMerge3D\Program\Source\TextureParameterization\main.cpp(2582,23): warning C4018: '<': signed/unsigned 不相符
D:\XinYun\Desktop\GestaltRuleMerge3D\Program\Source\TextureParameterization\main.cpp(2602,21): warning C4018: '<': signed/unsigned 不相符
D:\XinYun\Desktop\GestaltRuleMerge3D\Program\Source\TextureParameterization\main.cpp(2651,21): warning C4018: '<': signed/unsigned 不相符
D:\XinYun\Desktop\GestaltRuleMerge3D\Program\Source\TextureParameterization\main.cpp(2679,22): warning C4018: '<': signed/unsigned 不相符
D:\XinYun\Desktop\GestaltRuleMerge3D\Program\Source\TextureParameterization\main.cpp(2718,22): warning C4018: '<': signed/unsigned 不相符
D:\XinYun\Desktop\GestaltRuleMerge3D\Program\Source\TextureParameterization\main.cpp(2725,22): warning C4018: '<': signed/unsigned 不相符
D:\XinYun\Desktop\GestaltRuleMerge3D\Program\Source\TextureParameterization\main.cpp(2729,22): warning C4018: '<': signed/unsigned 不相符
D:\XinYun\Desktop\GestaltRuleMerge3D\Program\Source\TextureParameterization\main.cpp(2812,72): warning C4018: '>=': signed/unsigned 不相符
D:\XinYun\Desktop\GestaltRuleMerge3D\Program\Source\TextureParameterization\main.cpp(2961,20): warning C4018: '<': signed/unsigned 不相符
D:\XinYun\Desktop\GestaltRuleMerge3D\Program\Source\TextureParameterization\main.cpp(2982,15): warning C4244: '正在初始化': 將 'double' 轉換為 'float'，由於類型不同，可能導致資料遺失
D:\XinYun\Desktop\GestaltRuleMerge3D\Program\Source\TextureParameterization\main.cpp(2996,20): warning C4018: '<': signed/unsigned 不相符
D:\XinYun\Desktop\GestaltRuleMerge3D\Program\Source\TextureParameterization\main.cpp(3035,20): warning C4018: '<': signed/unsigned 不相符
D:\XinYun\Desktop\GestaltRuleMerge3D\Program\Source\TextureParameterization\main.cpp(3098,26): warning C4244: '=': 將 'const float' 轉換為 'GLint'，由於類型不同，可能導致資料遺失
D:\XinYun\Desktop\GestaltRuleMerge3D\Program\Source\TextureParameterization\main.cpp(3099,20): warning C4018: '<': signed/unsigned 不相符
D:\XinYun\Desktop\GestaltRuleMerge3D\Program\Source\TextureParameterization\main.cpp(3102,21): warning C4018: '<': signed/unsigned 不相符
D:\XinYun\Desktop\GestaltRuleMerge3D\Program\Source\TextureParameterization\main.cpp(3108,23): warning C4244: '引數': 將 'GLdouble' 轉換為 'GLint'，由於類型不同，可能導致資料遺失
D:\XinYun\Desktop\GestaltRuleMerge3D\Program\Source\TextureParameterization\main.cpp(3108,17): warning C4244: '引數': 將 'GLdouble' 轉換為 'GLint'，由於類型不同，可能導致資料遺失
D:\XinYun\Desktop\GestaltRuleMerge3D\Program\Source\TextureParameterization\main.cpp(3112,24): warning C4244: '引數': 將 'GLdouble' 轉換為 'GLint'，由於類型不同，可能導致資料遺失
D:\XinYun\Desktop\GestaltRuleMerge3D\Program\Source\TextureParameterization\main.cpp(3112,17): warning C4244: '引數': 將 'GLdouble' 轉換為 'GLint'，由於類型不同，可能導致資料遺失
D:\XinYun\Desktop\GestaltRuleMerge3D\Program\Source\TextureParameterization\main.cpp(3103,19): warning C4101: 'z': 未參考的區域變數
D:\XinYun\Desktop\GestaltRuleMerge3D\Program\Source\TextureParameterization\main.cpp(3103,16): warning C4101: 'y': 未參考的區域變數
D:\XinYun\Desktop\GestaltRuleMerge3D\Program\Source\TextureParameterization\main.cpp(3103,13): warning C4101: 'x': 未參考的區域變數
D:\XinYun\Desktop\GestaltRuleMerge3D\Program\Source\TextureParameterization\main.cpp(3140,15): warning C4244: '正在初始化': 將 'double' 轉換為 'float'，由於類型不同，可能導致資料遺失
D:\XinYun\Desktop\GestaltRuleMerge3D\Program\Source\TextureParameterization\main.cpp(3201,21): warning C4018: '<': signed/unsigned 不相符
D:\XinYun\Desktop\GestaltRuleMerge3D\Program\Source\TextureParameterization\main.cpp(3211,21): warning C4018: '<': signed/unsigned 不相符
D:\XinYun\Desktop\GestaltRuleMerge3D\Program\Source\TextureParameterization\main.cpp(3306,26): warning C4305: '正在初始化': 從 'double' 轉換為 'float'，是由較大的類型轉換為較小的類型，可能導致資料遺失
D:\XinYun\Desktop\GestaltRuleMerge3D\Program\Source\TextureParameterization\main.cpp(3311,30): warning C4244: '=': 將 'double' 轉換為 '_Ty'，由於類型不同，可能導致資料遺失
          with
          [
              _Ty=float
          ]
  TextureParameterization.vcxproj -> D:\XinYun\Desktop\GestaltRuleMerge3D\Program\Assets\TextureParameterization.exe
