C:\Program Files (x86)\Microsoft Visual Studio\2019\Community\MSBuild\Microsoft\VC\v160\Microsoft.CppBuild.targets(477,5): warning MSB8004: Output 目錄結尾不是結尾斜線。這個建置執行個體將會加入此斜線，因為這樣才能正確評估 Output 目錄。
  main.cpp
D:\Ch11\Program\Source\ArrayTexture\main.cpp(62,58): warning C4244: '引數': 將 'int' 轉換為 'float'，由於類型不同，可能導致資料遺失
D:\Ch11\Program\Source\ArrayTexture\main.cpp(62,13): warning C4244: '正在初始化': 將 'float' 轉換為 'int'，由於類型不同，可能導致資料遺失
D:\Ch11\Program\Source\ArrayTexture\main.cpp(64,44): warning C4316: 'SpriteObject': 在堆積上配置的物件可能不是對齊的 16
D:\Ch11\Program\Source\ArrayTexture\main.cpp(111,42): warning C4316: 'Sprite2D': 在堆積上配置的物件可能不是對齊的 16
D:\Ch11\Program\Source\ArrayTexture\main.cpp(262,12): warning C4244: '引數': 將 'time_t' 轉換為 'unsigned int'，由於類型不同，可能導致資料遺失
  SpriteObject.cpp
D:\Ch11\Program\Source\ArrayTexture\SpriteObject.cpp(43,23): warning C4244: '=': 將 'int' 轉換為 'float'，由於類型不同，可能導致資料遺失
  Sprite2D.cpp
D:\Ch11\Program\Source\ArrayTexture\Sprite2D.cpp(20,15): warning C4244: '=': 將 'int' 轉換為 'float'，由於類型不同，可能導致資料遺失
  Common.cpp
D:\Ch11\Program\Source\Common.cpp(150,25): warning C4018: '<': signed/unsigned 不相符
D:\Ch11\Program\Source\Common.cpp(152,26): warning C4018: '<': signed/unsigned 不相符
  tiny_obj_loader.cpp
  ViewManager.cpp
D:\Ch11\Program\Source\ViewManager.cpp(134,14): warning C4244: '引數': 將 'float' 轉換為 'int'，由於類型不同，可能導致資料遺失
D:\Ch11\Program\Source\ViewManager.cpp(139,14): warning C4244: '引數': 將 'float' 轉換為 'int'，由於類型不同，可能導致資料遺失
D:\Ch11\Program\Source\ViewManager.cpp(283,18): warning C4244: '=': 將 'int' 轉換為 'float'，由於類型不同，可能導致資料遺失
  正在產生程式碼...
  ArrayTexture.vcxproj -> D:\Ch11\Program\VC14\BasicTexture\..\..\Assets\ArrayTexture.exe
