d:\shaderbook\interactive computer graphics with opengl shaders-20170329t072602z-001\interactive computer graphics with opengl shaders\quiz\frameworkexample\vc14\quiz framework\debug\vc140.pdb
d:\shaderbook\interactive computer graphics with opengl shaders-20170329t072602z-001\interactive computer graphics with opengl shaders\quiz\frameworkexample\vc14\quiz framework\debug\vc140.idb
d:\shaderbook\interactive computer graphics with opengl shaders-20170329t072602z-001\interactive computer graphics with opengl shaders\quiz\frameworkexample\vc14\quiz framework\debug\viewmanager.obj
d:\shaderbook\interactive computer graphics with opengl shaders-20170329t072602z-001\interactive computer graphics with opengl shaders\quiz\frameworkexample\vc14\quiz framework\debug\main.obj
d:\shaderbook\interactive computer graphics with opengl shaders-20170329t072602z-001\interactive computer graphics with opengl shaders\quiz\frameworkexample\vc14\quiz framework\debug\common.obj
d:\shaderbook\interactive computer graphics with opengl shaders\quiz\frameworkexample\vc14\quiz framework\debug\vc140.pdb
d:\shaderbook\interactive computer graphics with opengl shaders\quiz\frameworkexample\vc14\quiz framework\debug\vc140.idb
d:\shaderbook\interactive computer graphics with opengl shaders\quiz\frameworkexample\vc14\quiz framework\debug\main.obj
d:\shaderbook\interactive computer graphics with opengl shaders\quiz\frameworkexample\vc14\quiz framework\debug\viewmanager.obj
d:\shaderbook\interactive computer graphics with opengl shaders\quiz\frameworkexample\vc14\quiz framework\debug\common.obj
d:\shaderbook\interactive computer graphics with opengl shaders\quiz\frameworkexample\vc14\quiz framework\debug\quiz framework.pdb
d:\shaderbook\interactive computer graphics with opengl shaders\quiz\frameworkexample\vc14\quiz framework\debug\quiz framework.tlog\cl.command.1.tlog
d:\shaderbook\interactive computer graphics with opengl shaders\quiz\frameworkexample\vc14\quiz framework\debug\quiz framework.tlog\cl.read.1.tlog
d:\shaderbook\interactive computer graphics with opengl shaders\quiz\frameworkexample\vc14\quiz framework\debug\quiz framework.tlog\cl.write.1.tlog
d:\shaderbook\interactive computer graphics with opengl shaders\quiz\frameworkexample\vc14\quiz framework\debug\quiz framework.tlog\link-cvtres.read.1.tlog
d:\shaderbook\interactive computer graphics with opengl shaders\quiz\frameworkexample\vc14\quiz framework\debug\quiz framework.tlog\link-cvtres.write.1.tlog
d:\shaderbook\interactive computer graphics with opengl shaders\quiz\frameworkexample\vc14\quiz framework\debug\quiz framework.tlog\link-rc.read.1.tlog
d:\shaderbook\interactive computer graphics with opengl shaders\quiz\frameworkexample\vc14\quiz framework\debug\quiz framework.tlog\link-rc.write.1.tlog
d:\shaderbook\interactive computer graphics with opengl shaders\quiz\frameworkexample\vc14\quiz framework\debug\quiz framework.tlog\link.6528-cvtres.read.1.tlog
d:\shaderbook\interactive computer graphics with opengl shaders\quiz\frameworkexample\vc14\quiz framework\debug\quiz framework.tlog\link.6528-cvtres.write.1.tlog
d:\shaderbook\interactive computer graphics with opengl shaders\quiz\frameworkexample\vc14\quiz framework\debug\quiz framework.tlog\link.6528-rc.read.1.tlog
d:\shaderbook\interactive computer graphics with opengl shaders\quiz\frameworkexample\vc14\quiz framework\debug\quiz framework.tlog\link.6528-rc.write.1.tlog
d:\shaderbook\interactive computer graphics with opengl shaders\quiz\frameworkexample\vc14\quiz framework\debug\quiz framework.tlog\link.6528.read.1.tlog
d:\shaderbook\interactive computer graphics with opengl shaders\quiz\frameworkexample\vc14\quiz framework\debug\quiz framework.tlog\link.6528.write.1.tlog
d:\shaderbook\interactive computer graphics with opengl shaders\quiz\frameworkexample\vc14\quiz framework\debug\quiz framework.tlog\link.command.1.tlog
d:\shaderbook\interactive computer graphics with opengl shaders\quiz\frameworkexample\vc14\quiz framework\debug\quiz framework.tlog\link.read.1.tlog
d:\shaderbook\interactive computer graphics with opengl shaders\quiz\frameworkexample\vc14\quiz framework\debug\quiz framework.tlog\link.write.1.tlog
