d:\shader書\program\tinyframeworkexample\vc14\cubemap\release\vc140.pdb
d:\shader書\program\tinyframeworkexample\vc14\cubemap\release\viewmanager.obj
d:\shader書\program\tinyframeworkexample\vc14\cubemap\release\tiny_obj_loader.obj
d:\shader書\program\tinyframeworkexample\vc14\cubemap\release\shaderobject.obj
d:\shader書\program\tinyframeworkexample\vc14\cubemap\release\resourcepath.obj
d:\shader書\program\tinyframeworkexample\vc14\cubemap\release\mymodel.obj
d:\shader書\program\tinyframeworkexample\vc14\cubemap\release\main.obj
d:\shader書\program\tinyframeworkexample\vc14\cubemap\release\drawmodelshader.obj
d:\shader書\program\tinyframeworkexample\vc14\cubemap\release\cubemapshader.obj
d:\shader書\program\tinyframeworkexample\vc14\cubemap\release\common.obj
d:\shader書\program\tinyframeworkexample\assets\cubemap.exe
d:\shader書\program\tinyframeworkexample\assets\cubemap.ipdb
d:\shader書\program\tinyframeworkexample\assets\cubemap.iobj
d:\shader書\program\tinyframeworkexample\assets\cubemap.pdb
d:\shader書\program\tinyframeworkexample\vc14\basictexture\..\..\assets\cubemap.pdb
d:\shader書\program\tinyframeworkexample\vc14\basictexture\..\..\assets\cubemap.exe
d:\shader書\program\tinyframeworkexample\vc14\cubemap\release\cubemap.tlog\cl.command.1.tlog
d:\shader書\program\tinyframeworkexample\vc14\cubemap\release\cubemap.tlog\cl.read.1.tlog
d:\shader書\program\tinyframeworkexample\vc14\cubemap\release\cubemap.tlog\cl.write.1.tlog
d:\shader書\program\tinyframeworkexample\vc14\cubemap\release\cubemap.tlog\link.command.1.tlog
d:\shader書\program\tinyframeworkexample\vc14\cubemap\release\cubemap.tlog\link.read.1.tlog
d:\shader書\program\tinyframeworkexample\vc14\cubemap\release\cubemap.tlog\link.write.1.tlog
