C:\Program Files (x86)\Microsoft Visual Studio\2019\Community\MSBuild\Microsoft\VC\v160\Microsoft.CppBuild.targets(477,5): warning MSB8004: Output 目錄結尾不是結尾斜線。這個建置執行個體將會加入此斜線，因為這樣才能正確評估 Output 目錄。
  Common.cpp
D:\Ch11\Program\Source\Common.cpp(150,25): warning C4018: '<': signed/unsigned 不相符
D:\Ch11\Program\Source\Common.cpp(152,26): warning C4018: '<': signed/unsigned 不相符
  CubemapShader.cpp
D:\Ch11\Program\Source\Cubemap\CubemapShader.h(10,2): warning C4091: 'typedef ': 當沒有宣告變數時，忽略 'CubemapTexture' 的左方
D:\Ch11\Program\Source\Cubemap\CubemapShader.cpp(98,20): warning C4018: '<': signed/unsigned 不相符
  DrawModelShader.cpp
  main.cpp
D:\Ch11\Program\Source\Cubemap\CubemapShader.h(10,2): warning C4091: 'typedef ': 當沒有宣告變數時，忽略 'CubemapTexture' 的左方
D:\Ch11\Program\Source\Cubemap\main.cpp(160,15): warning C4244: '=': 將 'int' 轉換為 'float'，由於類型不同，可能導致資料遺失
D:\Ch11\Program\Source\Cubemap\main.cpp(161,15): warning C4244: '=': 將 'int' 轉換為 'float'，由於類型不同，可能導致資料遺失
  MyModel.cpp
  ResourcePath.cpp
  ShaderObject.cpp
  tiny_obj_loader.cpp
  ViewManager.cpp
D:\Ch11\Program\Source\ViewManager.cpp(134,14): warning C4244: '引數': 將 'float' 轉換為 'int'，由於類型不同，可能導致資料遺失
D:\Ch11\Program\Source\ViewManager.cpp(139,14): warning C4244: '引數': 將 'float' 轉換為 'int'，由於類型不同，可能導致資料遺失
D:\Ch11\Program\Source\ViewManager.cpp(283,18): warning C4244: '=': 將 'int' 轉換為 'float'，由於類型不同，可能導致資料遺失
  正在產生程式碼...
  Cubemap.vcxproj -> D:\Ch11\Program\VC14\BasicTexture\..\..\Assets\Cubemap.exe
